{
  "RSpec": {
    "coverage": {
      "/home/oem/Документы/emty/spec/lib/app/game_spec.rb": {
        "lines": [
          null,
          null,
          1,
          null,
          1,
          12,
          12,
          12,
          12,
          4,
          null,
          1,
          11,
          11,
          null,
          null,
          1,
          1,
          null,
          null,
          1,
          1,
          null,
          null,
          1,
          1,
          2,
          null,
          null,
          1,
          4,
          null,
          null,
          1,
          1,
          1,
          null,
          null,
          2,
          null,
          null,
          null,
          1,
          1,
          3,
          3,
          null,
          null,
          1,
          1,
          null,
          null,
          1,
          1,
          null,
          null,
          1,
          1,
          null,
          null,
          null,
          1,
          1,
          2,
          null,
          null,
          1,
          1,
          null,
          null,
          1,
          1,
          null,
          null,
          null,
          1,
          2,
          null,
          1,
          1,
          null,
          null,
          1,
          1,
          null,
          null,
          null,
          1,
          2,
          null,
          1,
          1,
          null,
          null,
          1,
          1,
          null,
          null,
          null
        ]
      },
      "/home/oem/Документы/emty/spec/lib/controllers/game_controller_spec.rb": {
        "lines": [
          null,
          null,
          1,
          39,
          39,
          39,
          4,
          null,
          1,
          38,
          38,
          38,
          null,
          null,
          1,
          1,
          null,
          null,
          1,
          1,
          null,
          null,
          1,
          1,
          2,
          null,
          2,
          null,
          2,
          null,
          null,
          1,
          1,
          2,
          2,
          null,
          null,
          2,
          null,
          2,
          null,
          null,
          null,
          1,
          1,
          3,
          null,
          null,
          1,
          1,
          3,
          3,
          null,
          null,
          2,
          null,
          2,
          null,
          2,
          null,
          null,
          null,
          1,
          1,
          2,
          null,
          2,
          null,
          2,
          null,
          null,
          1,
          1,
          2,
          2,
          2,
          2,
          null,
          null,
          2,
          null,
          2,
          null,
          null,
          null,
          1,
          1,
          2,
          null,
          2,
          null,
          2,
          null,
          null,
          1,
          1,
          2,
          2,
          2,
          null,
          null,
          2,
          null,
          2,
          null,
          null,
          null,
          1,
          7,
          null,
          1,
          2,
          null,
          2,
          null,
          2,
          null,
          null,
          1,
          1,
          2,
          2,
          2,
          null,
          null,
          2,
          null,
          2,
          null,
          null,
          1,
          1,
          2,
          2,
          2,
          2,
          2,
          2,
          2,
          null,
          null,
          2,
          null,
          2,
          null,
          null,
          1,
          1,
          2,
          2,
          2,
          2,
          2,
          2,
          null,
          null,
          2,
          null,
          2,
          null,
          null,
          1,
          1,
          2,
          2,
          2,
          2,
          2,
          2,
          2,
          null,
          null,
          2,
          null,
          2,
          null,
          null,
          null,
          1,
          1,
          1,
          3,
          null,
          null,
          2,
          null,
          2,
          null,
          2,
          null,
          null,
          1,
          1,
          2,
          2,
          2,
          null,
          null,
          2,
          null,
          2,
          null,
          null,
          1,
          1,
          2,
          2,
          2,
          2,
          2,
          null,
          null,
          2,
          null,
          2,
          null,
          null,
          null
        ]
      },
      "/home/oem/Документы/emty/spec/lib/controllers/rules_controller_spec.rb": {
        "lines": [
          null,
          null,
          1,
          null,
          1,
          4,
          4,
          null,
          1,
          1,
          null,
          null,
          1,
          1,
          2,
          2,
          null,
          null,
          2,
          null,
          2,
          null,
          null
        ]
      },
      "/home/oem/Документы/emty/spec/lib/controllers/statistics_controller_spec.rb": {
        "lines": [
          null,
          null,
          1,
          4,
          4,
          null,
          1,
          1,
          null,
          null,
          1,
          1,
          2,
          2,
          2,
          null,
          null,
          2,
          null,
          2,
          null,
          null
        ]
      }
    },
    "timestamp": 1645178217
  }
}
